app/build/intermediates/manifest_merge_blame_file/debug/manifest-merger-blame-debug-report.txt
1<?xml version="1.0" encoding="utf-8"?>
2<manifest xmlns:android="http://schemas.android.com/apk/res/android"
3    package="com.saihgupr.hatvrelay"
4    android:versionCode="1"
5    android:versionName="1.0" >
6
7    <uses-sdk
8        android:minSdkVersion="21"
8-->src/main/AndroidManifest.xml
9        android:targetSdkVersion="34" />
9-->src/main/AndroidManifest.xml
10
11    <uses-permission android:name="android.permission.INTERNET" />
11-->src/main/AndroidManifest.xml:5:5-67
11-->src/main/AndroidManifest.xml:5:22-64
12    <uses-permission android:name="android.permission.ACCESS_NETWORK_STATE" />
12-->src/main/AndroidManifest.xml:6:5-79
12-->src/main/AndroidManifest.xml:6:22-76
13    <uses-permission android:name="android.permission.FOREGROUND_SERVICE" />
13-->src/main/AndroidManifest.xml:7:5-77
13-->src/main/AndroidManifest.xml:7:22-74
14    <uses-permission android:name="android.permission.BIND_NOTIFICATION_LISTENER_SERVICE" />
14-->src/main/AndroidManifest.xml:8:5-93
14-->src/main/AndroidManifest.xml:8:22-90
15
16    <permission
16-->[androidx.core:core:1.9.0] AndroidManifest.xml:22:5-24:47
17        android:name="com.saihgupr.hatvrelay.DYNAMIC_RECEIVER_NOT_EXPORTED_PERMISSION"
17-->[androidx.core:core:1.9.0] AndroidManifest.xml:23:9-81
18        android:protectionLevel="signature" />
18-->[androidx.core:core:1.9.0] AndroidManifest.xml:24:9-44
19
20    <uses-permission android:name="com.saihgupr.hatvrelay.DYNAMIC_RECEIVER_NOT_EXPORTED_PERMISSION" />
20-->[androidx.core:core:1.9.0] AndroidManifest.xml:26:5-97
20-->[androidx.core:core:1.9.0] AndroidManifest.xml:26:22-94
21
22    <application
22-->src/main/AndroidManifest.xml:10:5-36:19
23        android:allowBackup="true"
23-->src/main/AndroidManifest.xml:11:9-35
24        android:appComponentFactory="androidx.core.app.CoreComponentFactory"
24-->[androidx.core:core:1.9.0] AndroidManifest.xml:28:18-86
25        android:banner="@mipmap/banner"
25-->src/main/AndroidManifest.xml:13:9-40
26        android:debuggable="true"
27        android:icon="@mipmap/ic_launcher"
27-->src/main/AndroidManifest.xml:12:9-43
28        android:label="HA TV Relay"
28-->src/main/AndroidManifest.xml:14:9-36
29        android:theme="@style/Theme.AppCompat.NoActionBar" >
29-->src/main/AndroidManifest.xml:15:9-59
30        <activity
30-->src/main/AndroidManifest.xml:17:9-25:20
31            android:name="com.saihgupr.hatvrelay.MainActivity"
31-->src/main/AndroidManifest.xml:18:13-41
32            android:exported="true" >
32-->src/main/AndroidManifest.xml:19:13-36
33            <intent-filter>
33-->src/main/AndroidManifest.xml:20:13-24:29
34                <action android:name="android.intent.action.MAIN" />
34-->src/main/AndroidManifest.xml:21:17-69
34-->src/main/AndroidManifest.xml:21:25-66
35
36                <category android:name="android.intent.category.LAUNCHER" />
36-->src/main/AndroidManifest.xml:22:17-77
36-->src/main/AndroidManifest.xml:22:27-74
37                <category android:name="android.intent.category.LEANBACK_LAUNCHER" />
37-->src/main/AndroidManifest.xml:23:17-86
37-->src/main/AndroidManifest.xml:23:27-83
38            </intent-filter>
39        </activity>
40
41        <service
41-->src/main/AndroidManifest.xml:27:9-35:19
42            android:name="com.saihgupr.hatvrelay.MediaSessionListenerService"
42-->src/main/AndroidManifest.xml:28:13-56
43            android:exported="true"
43-->src/main/AndroidManifest.xml:31:13-36
44            android:label="HA Media Relay Service"
44-->src/main/AndroidManifest.xml:29:13-51
45            android:permission="android.permission.BIND_NOTIFICATION_LISTENER_SERVICE" >
45-->src/main/AndroidManifest.xml:30:13-87
46            <intent-filter>
46-->src/main/AndroidManifest.xml:32:13-34:29
47                <action android:name="android.service.notification.NotificationListenerService" />
47-->src/main/AndroidManifest.xml:33:17-99
47-->src/main/AndroidManifest.xml:33:25-96
48            </intent-filter>
49        </service>
50
51        <provider
51-->[androidx.emoji2:emoji2:1.2.0] AndroidManifest.xml:24:9-32:20
52            android:name="androidx.startup.InitializationProvider"
52-->[androidx.emoji2:emoji2:1.2.0] AndroidManifest.xml:25:13-67
53            android:authorities="com.saihgupr.hatvrelay.androidx-startup"
53-->[androidx.emoji2:emoji2:1.2.0] AndroidManifest.xml:26:13-68
54            android:exported="false" >
54-->[androidx.emoji2:emoji2:1.2.0] AndroidManifest.xml:27:13-37
55            <meta-data
55-->[androidx.emoji2:emoji2:1.2.0] AndroidManifest.xml:29:13-31:52
56                android:name="androidx.emoji2.text.EmojiCompatInitializer"
56-->[androidx.emoji2:emoji2:1.2.0] AndroidManifest.xml:30:17-75
57                android:value="androidx.startup" />
57-->[androidx.emoji2:emoji2:1.2.0] AndroidManifest.xml:31:17-49
58            <meta-data
58-->[androidx.lifecycle:lifecycle-process:2.4.1] AndroidManifest.xml:31:13-33:52
59                android:name="androidx.lifecycle.ProcessLifecycleInitializer"
59-->[androidx.lifecycle:lifecycle-process:2.4.1] AndroidManifest.xml:32:17-78
60                android:value="androidx.startup" />
60-->[androidx.lifecycle:lifecycle-process:2.4.1] AndroidManifest.xml:33:17-49
61        </provider>
62    </application>
63
64</manifest>